<?xml version="1.0" encoding="UTF-8"?>
<!-- Generated by org.testng.reporters.JUnitXMLReporter -->
<testsuite hostname="DESKTOP-8UMRB5T" ignored="5" name="Default test(failed)" tests="1" failures="0" timestamp="08 Jul 2020 03:12:24 GMT" time="14.884" errors="0">
  <testcase name="@BeforeMethod beforeMethod" time="14.828" classname="tests.HotelLogin">
    <failure type="org.openqa.selenium.SessionNotCreatedException" message="session not created
from chrome not reachable
  (Session info: chrome=83.0.4103.116)
Build info: version: &amp;apos;3.141.59&amp;apos;, revision: &amp;apos;e82be7d358&amp;apos;, time: &amp;apos;2018-11-14T08:17:03&amp;apos;
System info: host: &amp;apos;DESKTOP-8UMRB5T&amp;apos;, ip: &amp;apos;192.168.1.237&amp;apos;, os.name: &amp;apos;Windows 10&amp;apos;, os.arch: &amp;apos;amd64&amp;apos;, os.version: &amp;apos;10.0&amp;apos;, java.version: &amp;apos;1.8.0_241&amp;apos;
Driver info: driver.version: ChromeDriver
remote stacktrace: Backtrace:
	Ordinal0 [0x00D79563+2725219]
	Ordinal0 [0x00C78551+1672529]
	Ordinal0 [0x00B60202+524802]
	Ordinal0 [0x00B599B2+498098]
	Ordinal0 [0x00B5A09B+499867]
	Ordinal0 [0x00B5AFF5+503797]
	Ordinal0 [0x00B56994+485780]
	Ordinal0 [0x00B60FF0+528368]
	Ordinal0 [0x00B0D6C9+186057]
	Ordinal0 [0x00B0CA3D+182845]
	Ordinal0 [0x00B0A94B+174411]
	Ordinal0 [0x00AF2528+75048]
	Ordinal0 [0x00AF35A0+79264]
	Ordinal0 [0x00AF3539+79161]
	Ordinal0 [0x00C8D607+1758727]
	GetHandleVerifier [0x00E96546+1050150]
	GetHandleVerifier [0x00E96291+1049457]
	GetHandleVerifier [0x00EA10D7+1094071]
	GetHandleVerifier [0x00E96B46+1051686]
	Ordinal0 [0x00C85B06+1727238]
	Ordinal0 [0x00C8EB7B+1764219]
	Ordinal0 [0x00C8ECE3+1764579]
	Ordinal0 [0x00CA4C05+1854469]
	BaseThreadInitThunk [0x76EE6359+25]
	RtlGetAppContainerNamedObjectPath [0x776A7C24+228]
	RtlGetAppContainerNamedObjectPath [0x776A7BF4+180]
">
      <![CDATA[org.openqa.selenium.SessionNotCreatedException: session not created
from chrome not reachable
  (Session info: chrome=83.0.4103.116)
Build info: version: '3.141.59', revision: 'e82be7d358', time: '2018-11-14T08:17:03'
System info: host: 'DESKTOP-8UMRB5T', ip: '192.168.1.237', os.name: 'Windows 10', os.arch: 'amd64', os.version: '10.0', java.version: '1.8.0_241'
Driver info: driver.version: ChromeDriver
remote stacktrace: Backtrace:
Ordinal0 [0x00D79563+2725219]
Ordinal0 [0x00C78551+1672529]
Ordinal0 [0x00B60202+524802]
Ordinal0 [0x00B599B2+498098]
Ordinal0 [0x00B5A09B+499867]
Ordinal0 [0x00B5AFF5+503797]
Ordinal0 [0x00B56994+485780]
Ordinal0 [0x00B60FF0+528368]
Ordinal0 [0x00B0D6C9+186057]
Ordinal0 [0x00B0CA3D+182845]
Ordinal0 [0x00B0A94B+174411]
Ordinal0 [0x00AF2528+75048]
Ordinal0 [0x00AF35A0+79264]
Ordinal0 [0x00AF3539+79161]
Ordinal0 [0x00C8D607+1758727]
GetHandleVerifier [0x00E96546+1050150]
GetHandleVerifier [0x00E96291+1049457]
GetHandleVerifier [0x00EA10D7+1094071]
GetHandleVerifier [0x00E96B46+1051686]
Ordinal0 [0x00C85B06+1727238]
Ordinal0 [0x00C8EB7B+1764219]
Ordinal0 [0x00C8ECE3+1764579]
Ordinal0 [0x00CA4C05+1854469]
BaseThreadInitThunk [0x76EE6359+25]
RtlGetAppContainerNamedObjectPath [0x776A7C24+228]
RtlGetAppContainerNamedObjectPath [0x776A7BF4+180]

at org.openqa.selenium.remote.W3CHandshakeResponse.lambda$errorHandler$0(W3CHandshakeResponse.java:62)
at org.openqa.selenium.remote.HandshakeResponse.lambda$getResponseFunction$0(HandshakeResponse.java:30)
at org.openqa.selenium.remote.ProtocolHandshake.lambda$createSession$0(ProtocolHandshake.java:126)
at java.util.stream.ReferencePipeline$3$1.accept(ReferencePipeline.java:193)
at java.util.Spliterators$ArraySpliterator.tryAdvance(Spliterators.java:958)
at java.util.stream.ReferencePipeline.forEachWithCancel(ReferencePipeline.java:126)
at java.util.stream.AbstractPipeline.copyIntoWithCancel(AbstractPipeline.java:499)
at java.util.stream.AbstractPipeline.copyInto(AbstractPipeline.java:486)
at java.util.stream.AbstractPipeline.wrapAndCopyInto(AbstractPipeline.java:472)
at java.util.stream.FindOps$FindOp.evaluateSequential(FindOps.java:152)
at java.util.stream.AbstractPipeline.evaluate(AbstractPipeline.java:234)
at java.util.stream.ReferencePipeline.findFirst(ReferencePipeline.java:464)
at org.openqa.selenium.remote.ProtocolHandshake.createSession(ProtocolHandshake.java:128)
at org.openqa.selenium.remote.ProtocolHandshake.createSession(ProtocolHandshake.java:74)
at org.openqa.selenium.remote.HttpCommandExecutor.execute(HttpCommandExecutor.java:136)
at org.openqa.selenium.remote.service.DriverCommandExecutor.execute(DriverCommandExecutor.java:83)
at org.openqa.selenium.remote.RemoteWebDriver.execute(RemoteWebDriver.java:552)
at org.openqa.selenium.remote.RemoteWebDriver.startSession(RemoteWebDriver.java:213)
at org.openqa.selenium.remote.RemoteWebDriver.<init>(RemoteWebDriver.java:131)
at org.openqa.selenium.chrome.ChromeDriver.<init>(ChromeDriver.java:181)
at org.openqa.selenium.chrome.ChromeDriver.<init>(ChromeDriver.java:168)
at org.openqa.selenium.chrome.ChromeDriver.<init>(ChromeDriver.java:123)
at core.Base.initializeDriver(Base.java:92)
at tests.HotelLogin.beforeMethod(HotelLogin.java:18)
... Removed 32 stack frames]]>
    </failure>
  </testcase> <!-- @BeforeMethod beforeMethod -->
  <testcase name="@AfterMethod afterMethod" time="0.0" classname="tests.HotelLogin">
    <skipped/>
  </testcase> <!-- @AfterMethod afterMethod -->
  <testcase name="loginToHotelPage" time="0.0" classname="tests.HotelLogin">
    <skipped/>
  </testcase> <!-- loginToHotelPage -->
  <testcase name="testfive" time="0.0" classname="tests.HotelLogin">
    <ignored/>
  </testcase> <!-- testfive -->
  <testcase name="loginWithParameters" time="0.0" classname="tests.HotelLogin">
    <ignored/>
  </testcase> <!-- loginWithParameters -->
  <testcase name="testfour" time="0.0" classname="tests.HotelLogin">
    <ignored/>
  </testcase> <!-- testfour -->
  <testcase name="testthree" time="0.0" classname="tests.HotelLogin">
    <ignored/>
  </testcase> <!-- testthree -->
  <testcase name="testsix" time="0.0" classname="tests.HotelLogin">
    <ignored/>
  </testcase> <!-- testsix -->
</testsuite> <!-- Default test(failed) -->
